Determining size of __int16 failed with the following output:
Change Dir: /home/hammer/Desktop/pythonProjects/pytech/lzo-2.10/build/CMakeFiles/CMakeTmp

Run Build Command(s):/usr/bin/make -f Makefile cmTC_4dc7f/fast && /usr/bin/make  -f CMakeFiles/cmTC_4dc7f.dir/build.make CMakeFiles/cmTC_4dc7f.dir/build
make[1]: 进入目录“/home/hammer/Desktop/pythonProjects/pytech/lzo-2.10/build/CMakeFiles/CMakeTmp”
Building C object CMakeFiles/cmTC_4dc7f.dir/mfx_SIZEOF___INT16.c.o
/usr/bin/cc    -o CMakeFiles/cmTC_4dc7f.dir/mfx_SIZEOF___INT16.c.o -c /home/hammer/Desktop/pythonProjects/pytech/lzo-2.10/build/CMakeFiles/CheckTypeSize/mfx_SIZEOF___INT16.c
/home/hammer/Desktop/pythonProjects/pytech/lzo-2.10/build/CMakeFiles/CheckTypeSize/mfx_SIZEOF___INT16.c:27:22: error: ‘__int16’ undeclared here (not in a function); did you mean ‘__int16_t’?
 #define SIZE (sizeof(__int16))
                      ^~~~~~~
/home/hammer/Desktop/pythonProjects/pytech/lzo-2.10/build/CMakeFiles/CheckTypeSize/mfx_SIZEOF___INT16.c:29:12: note: in expansion of macro ‘SIZE’
   ('0' + ((SIZE / 10000)%10)),
            ^~~~
make[1]: *** [CMakeFiles/cmTC_4dc7f.dir/build.make:78：CMakeFiles/cmTC_4dc7f.dir/mfx_SIZEOF___INT16.c.o] 错误 1
make[1]: 离开目录“/home/hammer/Desktop/pythonProjects/pytech/lzo-2.10/build/CMakeFiles/CMakeTmp”
make: *** [Makefile:127：cmTC_4dc7f/fast] 错误 2


/home/hammer/Desktop/pythonProjects/pytech/lzo-2.10/build/CMakeFiles/CheckTypeSize/mfx_SIZEOF___INT16.c:
#include <sys/types.h>
#include <stdint.h>
#include <stddef.h>


#undef KEY
#if defined(__i386)
# define KEY '_','_','i','3','8','6'
#elif defined(__x86_64)
# define KEY '_','_','x','8','6','_','6','4'
#elif defined(__PPC64__)
# define KEY '_','_','P','P','C','6','4','_','_'
#elif defined(__ppc64__)
# define KEY '_','_','p','p','c','6','4','_','_'
#elif defined(__PPC__)
# define KEY '_','_','P','P','C','_','_'
#elif defined(__ppc__)
# define KEY '_','_','p','p','c','_','_'
#elif defined(__aarch64__)
# define KEY '_','_','a','a','r','c','h','6','4','_','_'
#elif defined(__ARM_ARCH_7A__)
# define KEY '_','_','A','R','M','_','A','R','C','H','_','7','A','_','_'
#elif defined(__ARM_ARCH_7S__)
# define KEY '_','_','A','R','M','_','A','R','C','H','_','7','S','_','_'
#endif

#define SIZE (sizeof(__int16))
static char info_size[] =  {'I', 'N', 'F', 'O', ':', 's','i','z','e','[',
  ('0' + ((SIZE / 10000)%10)),
  ('0' + ((SIZE / 1000)%10)),
  ('0' + ((SIZE / 100)%10)),
  ('0' + ((SIZE / 10)%10)),
  ('0' +  (SIZE    % 10)),
  ']',
#ifdef KEY
  ' ','k','e','y','[', KEY, ']',
#endif
  '\0'};

#ifdef __CLASSIC_C__
int main(argc, argv) int argc; char *argv[];
#else
int main(int argc, char *argv[])
#endif
{
  int require = 0;
  require += info_size[argc];
  (void)argv;
  return require;
}


Determining size of __int32 failed with the following output:
Change Dir: /home/hammer/Desktop/pythonProjects/pytech/lzo-2.10/build/CMakeFiles/CMakeTmp

Run Build Command(s):/usr/bin/make -f Makefile cmTC_a2cca/fast && /usr/bin/make  -f CMakeFiles/cmTC_a2cca.dir/build.make CMakeFiles/cmTC_a2cca.dir/build
make[1]: 进入目录“/home/hammer/Desktop/pythonProjects/pytech/lzo-2.10/build/CMakeFiles/CMakeTmp”
Building C object CMakeFiles/cmTC_a2cca.dir/mfx_SIZEOF___INT32.c.o
/usr/bin/cc    -o CMakeFiles/cmTC_a2cca.dir/mfx_SIZEOF___INT32.c.o -c /home/hammer/Desktop/pythonProjects/pytech/lzo-2.10/build/CMakeFiles/CheckTypeSize/mfx_SIZEOF___INT32.c
/home/hammer/Desktop/pythonProjects/pytech/lzo-2.10/build/CMakeFiles/CheckTypeSize/mfx_SIZEOF___INT32.c:27:22: error: ‘__int32’ undeclared here (not in a function); did you mean ‘__int32_t’?
 #define SIZE (sizeof(__int32))
                      ^~~~~~~
/home/hammer/Desktop/pythonProjects/pytech/lzo-2.10/build/CMakeFiles/CheckTypeSize/mfx_SIZEOF___INT32.c:29:12: note: in expansion of macro ‘SIZE’
   ('0' + ((SIZE / 10000)%10)),
            ^~~~
make[1]: *** [CMakeFiles/cmTC_a2cca.dir/build.make:78：CMakeFiles/cmTC_a2cca.dir/mfx_SIZEOF___INT32.c.o] 错误 1
make[1]: 离开目录“/home/hammer/Desktop/pythonProjects/pytech/lzo-2.10/build/CMakeFiles/CMakeTmp”
make: *** [Makefile:127：cmTC_a2cca/fast] 错误 2


/home/hammer/Desktop/pythonProjects/pytech/lzo-2.10/build/CMakeFiles/CheckTypeSize/mfx_SIZEOF___INT32.c:
#include <sys/types.h>
#include <stdint.h>
#include <stddef.h>


#undef KEY
#if defined(__i386)
# define KEY '_','_','i','3','8','6'
#elif defined(__x86_64)
# define KEY '_','_','x','8','6','_','6','4'
#elif defined(__PPC64__)
# define KEY '_','_','P','P','C','6','4','_','_'
#elif defined(__ppc64__)
# define KEY '_','_','p','p','c','6','4','_','_'
#elif defined(__PPC__)
# define KEY '_','_','P','P','C','_','_'
#elif defined(__ppc__)
# define KEY '_','_','p','p','c','_','_'
#elif defined(__aarch64__)
# define KEY '_','_','a','a','r','c','h','6','4','_','_'
#elif defined(__ARM_ARCH_7A__)
# define KEY '_','_','A','R','M','_','A','R','C','H','_','7','A','_','_'
#elif defined(__ARM_ARCH_7S__)
# define KEY '_','_','A','R','M','_','A','R','C','H','_','7','S','_','_'
#endif

#define SIZE (sizeof(__int32))
static char info_size[] =  {'I', 'N', 'F', 'O', ':', 's','i','z','e','[',
  ('0' + ((SIZE / 10000)%10)),
  ('0' + ((SIZE / 1000)%10)),
  ('0' + ((SIZE / 100)%10)),
  ('0' + ((SIZE / 10)%10)),
  ('0' +  (SIZE    % 10)),
  ']',
#ifdef KEY
  ' ','k','e','y','[', KEY, ']',
#endif
  '\0'};

#ifdef __CLASSIC_C__
int main(argc, argv) int argc; char *argv[];
#else
int main(int argc, char *argv[])
#endif
{
  int require = 0;
  require += info_size[argc];
  (void)argv;
  return require;
}


Determining size of __int64 failed with the following output:
Change Dir: /home/hammer/Desktop/pythonProjects/pytech/lzo-2.10/build/CMakeFiles/CMakeTmp

Run Build Command(s):/usr/bin/make -f Makefile cmTC_981a3/fast && /usr/bin/make  -f CMakeFiles/cmTC_981a3.dir/build.make CMakeFiles/cmTC_981a3.dir/build
make[1]: 进入目录“/home/hammer/Desktop/pythonProjects/pytech/lzo-2.10/build/CMakeFiles/CMakeTmp”
Building C object CMakeFiles/cmTC_981a3.dir/mfx_SIZEOF___INT64.c.o
/usr/bin/cc    -o CMakeFiles/cmTC_981a3.dir/mfx_SIZEOF___INT64.c.o -c /home/hammer/Desktop/pythonProjects/pytech/lzo-2.10/build/CMakeFiles/CheckTypeSize/mfx_SIZEOF___INT64.c
/home/hammer/Desktop/pythonProjects/pytech/lzo-2.10/build/CMakeFiles/CheckTypeSize/mfx_SIZEOF___INT64.c:27:22: error: ‘__int64’ undeclared here (not in a function); did you mean ‘__int64_t’?
 #define SIZE (sizeof(__int64))
                      ^~~~~~~
/home/hammer/Desktop/pythonProjects/pytech/lzo-2.10/build/CMakeFiles/CheckTypeSize/mfx_SIZEOF___INT64.c:29:12: note: in expansion of macro ‘SIZE’
   ('0' + ((SIZE / 10000)%10)),
            ^~~~
make[1]: *** [CMakeFiles/cmTC_981a3.dir/build.make:78：CMakeFiles/cmTC_981a3.dir/mfx_SIZEOF___INT64.c.o] 错误 1
make[1]: 离开目录“/home/hammer/Desktop/pythonProjects/pytech/lzo-2.10/build/CMakeFiles/CMakeTmp”
make: *** [Makefile:127：cmTC_981a3/fast] 错误 2


/home/hammer/Desktop/pythonProjects/pytech/lzo-2.10/build/CMakeFiles/CheckTypeSize/mfx_SIZEOF___INT64.c:
#include <sys/types.h>
#include <stdint.h>
#include <stddef.h>


#undef KEY
#if defined(__i386)
# define KEY '_','_','i','3','8','6'
#elif defined(__x86_64)
# define KEY '_','_','x','8','6','_','6','4'
#elif defined(__PPC64__)
# define KEY '_','_','P','P','C','6','4','_','_'
#elif defined(__ppc64__)
# define KEY '_','_','p','p','c','6','4','_','_'
#elif defined(__PPC__)
# define KEY '_','_','P','P','C','_','_'
#elif defined(__ppc__)
# define KEY '_','_','p','p','c','_','_'
#elif defined(__aarch64__)
# define KEY '_','_','a','a','r','c','h','6','4','_','_'
#elif defined(__ARM_ARCH_7A__)
# define KEY '_','_','A','R','M','_','A','R','C','H','_','7','A','_','_'
#elif defined(__ARM_ARCH_7S__)
# define KEY '_','_','A','R','M','_','A','R','C','H','_','7','S','_','_'
#endif

#define SIZE (sizeof(__int64))
static char info_size[] =  {'I', 'N', 'F', 'O', ':', 's','i','z','e','[',
  ('0' + ((SIZE / 10000)%10)),
  ('0' + ((SIZE / 1000)%10)),
  ('0' + ((SIZE / 100)%10)),
  ('0' + ((SIZE / 10)%10)),
  ('0' +  (SIZE    % 10)),
  ']',
#ifdef KEY
  ' ','k','e','y','[', KEY, ']',
#endif
  '\0'};

#ifdef __CLASSIC_C__
int main(argc, argv) int argc; char *argv[];
#else
int main(int argc, char *argv[])
#endif
{
  int require = 0;
  require += info_size[argc];
  (void)argv;
  return require;
}


Determining size of fpos_t failed with the following output:
Change Dir: /home/hammer/Desktop/pythonProjects/pytech/lzo-2.10/build/CMakeFiles/CMakeTmp

Run Build Command(s):/usr/bin/make -f Makefile cmTC_38730/fast && /usr/bin/make  -f CMakeFiles/cmTC_38730.dir/build.make CMakeFiles/cmTC_38730.dir/build
make[1]: 进入目录“/home/hammer/Desktop/pythonProjects/pytech/lzo-2.10/build/CMakeFiles/CMakeTmp”
Building C object CMakeFiles/cmTC_38730.dir/mfx_SIZEOF_FPOS_T.c.o
/usr/bin/cc    -o CMakeFiles/cmTC_38730.dir/mfx_SIZEOF_FPOS_T.c.o -c /home/hammer/Desktop/pythonProjects/pytech/lzo-2.10/build/CMakeFiles/CheckTypeSize/mfx_SIZEOF_FPOS_T.c
/home/hammer/Desktop/pythonProjects/pytech/lzo-2.10/build/CMakeFiles/CheckTypeSize/mfx_SIZEOF_FPOS_T.c:27:22: error: ‘fpos_t’ undeclared here (not in a function)
 #define SIZE (sizeof(fpos_t))
                      ^~~~~~
/home/hammer/Desktop/pythonProjects/pytech/lzo-2.10/build/CMakeFiles/CheckTypeSize/mfx_SIZEOF_FPOS_T.c:29:12: note: in expansion of macro ‘SIZE’
   ('0' + ((SIZE / 10000)%10)),
            ^~~~
/home/hammer/Desktop/pythonProjects/pytech/lzo-2.10/build/CMakeFiles/CheckTypeSize/mfx_SIZEOF_FPOS_T.c:27:22: note: ‘fpos_t’ is defined in header ‘<stdio.h>’; did you forget to ‘#include <stdio.h>’?
/home/hammer/Desktop/pythonProjects/pytech/lzo-2.10/build/CMakeFiles/CheckTypeSize/mfx_SIZEOF_FPOS_T.c:4:1:
+#include <stdio.h>
 
/home/hammer/Desktop/pythonProjects/pytech/lzo-2.10/build/CMakeFiles/CheckTypeSize/mfx_SIZEOF_FPOS_T.c:27:22:
 #define SIZE (sizeof(fpos_t))
                      ^~~~~~
/home/hammer/Desktop/pythonProjects/pytech/lzo-2.10/build/CMakeFiles/CheckTypeSize/mfx_SIZEOF_FPOS_T.c:29:12: note: in expansion of macro ‘SIZE’
   ('0' + ((SIZE / 10000)%10)),
            ^~~~
make[1]: *** [CMakeFiles/cmTC_38730.dir/build.make:78：CMakeFiles/cmTC_38730.dir/mfx_SIZEOF_FPOS_T.c.o] 错误 1
make[1]: 离开目录“/home/hammer/Desktop/pythonProjects/pytech/lzo-2.10/build/CMakeFiles/CMakeTmp”
make: *** [Makefile:127：cmTC_38730/fast] 错误 2


/home/hammer/Desktop/pythonProjects/pytech/lzo-2.10/build/CMakeFiles/CheckTypeSize/mfx_SIZEOF_FPOS_T.c:
#include <sys/types.h>
#include <stdint.h>
#include <stddef.h>


#undef KEY
#if defined(__i386)
# define KEY '_','_','i','3','8','6'
#elif defined(__x86_64)
# define KEY '_','_','x','8','6','_','6','4'
#elif defined(__PPC64__)
# define KEY '_','_','P','P','C','6','4','_','_'
#elif defined(__ppc64__)
# define KEY '_','_','p','p','c','6','4','_','_'
#elif defined(__PPC__)
# define KEY '_','_','P','P','C','_','_'
#elif defined(__ppc__)
# define KEY '_','_','p','p','c','_','_'
#elif defined(__aarch64__)
# define KEY '_','_','a','a','r','c','h','6','4','_','_'
#elif defined(__ARM_ARCH_7A__)
# define KEY '_','_','A','R','M','_','A','R','C','H','_','7','A','_','_'
#elif defined(__ARM_ARCH_7S__)
# define KEY '_','_','A','R','M','_','A','R','C','H','_','7','S','_','_'
#endif

#define SIZE (sizeof(fpos_t))
static char info_size[] =  {'I', 'N', 'F', 'O', ':', 's','i','z','e','[',
  ('0' + ((SIZE / 10000)%10)),
  ('0' + ((SIZE / 1000)%10)),
  ('0' + ((SIZE / 100)%10)),
  ('0' + ((SIZE / 10)%10)),
  ('0' +  (SIZE    % 10)),
  ']',
#ifdef KEY
  ' ','k','e','y','[', KEY, ']',
#endif
  '\0'};

#ifdef __CLASSIC_C__
int main(argc, argv) int argc; char *argv[];
#else
int main(int argc, char *argv[])
#endif
{
  int require = 0;
  require += info_size[argc];
  (void)argv;
  return require;
}


Determining if the function alloca exists failed with the following output:
Change Dir: /home/hammer/Desktop/pythonProjects/pytech/lzo-2.10/build/CMakeFiles/CMakeTmp

Run Build Command(s):/usr/bin/make -f Makefile cmTC_a9b03/fast && /usr/bin/make  -f CMakeFiles/cmTC_a9b03.dir/build.make CMakeFiles/cmTC_a9b03.dir/build
make[1]: 进入目录“/home/hammer/Desktop/pythonProjects/pytech/lzo-2.10/build/CMakeFiles/CMakeTmp”
Building C object CMakeFiles/cmTC_a9b03.dir/CheckFunctionExists.c.o
/usr/bin/cc   -DCHECK_FUNCTION_EXISTS=alloca -o CMakeFiles/cmTC_a9b03.dir/CheckFunctionExists.c.o -c /usr/share/cmake-3.22/Modules/CheckFunctionExists.c
<command-line>: warning: conflicting types for built-in function ‘alloca’ [-Wbuiltin-declaration-mismatch]
/usr/share/cmake-3.22/Modules/CheckFunctionExists.c:7:3: note: in expansion of macro ‘CHECK_FUNCTION_EXISTS’
   CHECK_FUNCTION_EXISTS(void);
   ^~~~~~~~~~~~~~~~~~~~~
Linking C executable cmTC_a9b03
/usr/bin/cmake -E cmake_link_script CMakeFiles/cmTC_a9b03.dir/link.txt --verbose=1
/usr/bin/cc  -DCHECK_FUNCTION_EXISTS=alloca -rdynamic CMakeFiles/cmTC_a9b03.dir/CheckFunctionExists.c.o -o cmTC_a9b03 
/usr/bin/ld: CMakeFiles/cmTC_a9b03.dir/CheckFunctionExists.c.o: in function `main':
CheckFunctionExists.c:(.text+0x10): undefined reference to `alloca'
collect2: error: ld returned 1 exit status
make[1]: *** [CMakeFiles/cmTC_a9b03.dir/build.make:99：cmTC_a9b03] 错误 1
make[1]: 离开目录“/home/hammer/Desktop/pythonProjects/pytech/lzo-2.10/build/CMakeFiles/CMakeTmp”
make: *** [Makefile:127：cmTC_a9b03/fast] 错误 2



Determining if the function stricmp exists failed with the following output:
Change Dir: /home/hammer/Desktop/pythonProjects/pytech/lzo-2.10/build/CMakeFiles/CMakeTmp

Run Build Command(s):/usr/bin/make -f Makefile cmTC_d145e/fast && /usr/bin/make  -f CMakeFiles/cmTC_d145e.dir/build.make CMakeFiles/cmTC_d145e.dir/build
make[1]: 进入目录“/home/hammer/Desktop/pythonProjects/pytech/lzo-2.10/build/CMakeFiles/CMakeTmp”
Building C object CMakeFiles/cmTC_d145e.dir/CheckFunctionExists.c.o
/usr/bin/cc   -DCHECK_FUNCTION_EXISTS=stricmp -o CMakeFiles/cmTC_d145e.dir/CheckFunctionExists.c.o -c /usr/share/cmake-3.22/Modules/CheckFunctionExists.c
Linking C executable cmTC_d145e
/usr/bin/cmake -E cmake_link_script CMakeFiles/cmTC_d145e.dir/link.txt --verbose=1
/usr/bin/cc  -DCHECK_FUNCTION_EXISTS=stricmp -rdynamic CMakeFiles/cmTC_d145e.dir/CheckFunctionExists.c.o -o cmTC_d145e 
/usr/bin/ld: CMakeFiles/cmTC_d145e.dir/CheckFunctionExists.c.o: in function `main':
CheckFunctionExists.c:(.text+0x10): undefined reference to `stricmp'
collect2: error: ld returned 1 exit status
make[1]: *** [CMakeFiles/cmTC_d145e.dir/build.make:99：cmTC_d145e] 错误 1
make[1]: 离开目录“/home/hammer/Desktop/pythonProjects/pytech/lzo-2.10/build/CMakeFiles/CMakeTmp”
make: *** [Makefile:127：cmTC_d145e/fast] 错误 2



Determining if the function strnicmp exists failed with the following output:
Change Dir: /home/hammer/Desktop/pythonProjects/pytech/lzo-2.10/build/CMakeFiles/CMakeTmp

Run Build Command(s):/usr/bin/make -f Makefile cmTC_65500/fast && /usr/bin/make  -f CMakeFiles/cmTC_65500.dir/build.make CMakeFiles/cmTC_65500.dir/build
make[1]: 进入目录“/home/hammer/Desktop/pythonProjects/pytech/lzo-2.10/build/CMakeFiles/CMakeTmp”
Building C object CMakeFiles/cmTC_65500.dir/CheckFunctionExists.c.o
/usr/bin/cc   -DCHECK_FUNCTION_EXISTS=strnicmp -o CMakeFiles/cmTC_65500.dir/CheckFunctionExists.c.o -c /usr/share/cmake-3.22/Modules/CheckFunctionExists.c
Linking C executable cmTC_65500
/usr/bin/cmake -E cmake_link_script CMakeFiles/cmTC_65500.dir/link.txt --verbose=1
/usr/bin/cc  -DCHECK_FUNCTION_EXISTS=strnicmp -rdynamic CMakeFiles/cmTC_65500.dir/CheckFunctionExists.c.o -o cmTC_65500 
/usr/bin/ld: CMakeFiles/cmTC_65500.dir/CheckFunctionExists.c.o: in function `main':
CheckFunctionExists.c:(.text+0x10): undefined reference to `strnicmp'
collect2: error: ld returned 1 exit status
make[1]: *** [CMakeFiles/cmTC_65500.dir/build.make:99：cmTC_65500] 错误 1
make[1]: 离开目录“/home/hammer/Desktop/pythonProjects/pytech/lzo-2.10/build/CMakeFiles/CMakeTmp”
make: *** [Makefile:127：cmTC_65500/fast] 错误 2



